WARNING: A terminally deprecated method in sun.misc.Unsafe has been called
WARNING: sun.misc.Unsafe::objectFieldOffset has been called by com.google.common.util.concurrent.AbstractFuture$UnsafeAtomicHelper (file:/usr/share/maven/lib/guava.jar)
WARNING: Please consider reporting this to the maintainers of class com.google.common.util.concurrent.AbstractFuture$UnsafeAtomicHelper
WARNING: sun.misc.Unsafe::objectFieldOffset will be removed in a future release
[[1;34mINFO[m] Scanning for projects...
[[1;34mINFO[m] 
[[1;34mINFO[m] [1m-------------------< [0;36mcom.aidoctor:aidoctor-backend[0;1m >--------------------[m
[[1;34mINFO[m] [1mBuilding aidoctor-backend 0.0.1-SNAPSHOT[m
[[1;34mINFO[m] [1m--------------------------------[ jar ]---------------------------------[m
[[1;34mINFO[m] 
[[1;34mINFO[m] [1m>>> [0;32mspring-boot-maven-plugin:3.1.1:run[m [1m(default-cli)[0;1m > [0;1mtest-compile[m @ [36maidoctor-backend[0;1m >>>[m
[[1;34mINFO[m] 
[[1;34mINFO[m] [1m--- [0;32mmaven-resources-plugin:3.3.1:resources[m [1m(default-resources)[m @ [36maidoctor-backend[0;1m ---[m
[[1;34mINFO[m] Copying 1 resource from src/main/resources to target/classes
[[1;34mINFO[m] Copying 0 resource from src/main/resources to target/classes
[[1;34mINFO[m] 
[[1;34mINFO[m] [1m--- [0;32mmaven-compiler-plugin:3.11.0:compile[m [1m(default-compile)[m @ [36maidoctor-backend[0;1m ---[m
[[1;34mINFO[m] Nothing to compile - all classes are up to date
[[1;34mINFO[m] 
[[1;34mINFO[m] [1m--- [0;32mmaven-resources-plugin:3.3.1:testResources[m [1m(default-testResources)[m @ [36maidoctor-backend[0;1m ---[m
[[1;34mINFO[m] skip non existing resourceDirectory /home/ajay/Downloads/ai-doctor-starter/backend/src/test/resources
[[1;34mINFO[m] 
[[1;34mINFO[m] [1m--- [0;32mmaven-compiler-plugin:3.11.0:testCompile[m [1m(default-testCompile)[m @ [36maidoctor-backend[0;1m ---[m
[[1;34mINFO[m] No sources to compile
[[1;34mINFO[m] 
[[1;34mINFO[m] [1m<<< [0;32mspring-boot-maven-plugin:3.1.1:run[m [1m(default-cli)[0;1m < [0;1mtest-compile[m @ [36maidoctor-backend[0;1m <<<[m
[[1;34mINFO[m] 
[[1;34mINFO[m] 
[[1;34mINFO[m] [1m--- [0;32mspring-boot-maven-plugin:3.1.1:run[m [1m(default-cli)[m @ [36maidoctor-backend[0;1m ---[m
[[1;34mINFO[m] Attaching agents: []

  .   ____          _            __ _ _
 /\\ / ___'_ __ _ _(_)_ __  __ _ \ \ \ \
( ( )\___ | '_ | '_| | '_ \/ _` | \ \ \ \
 \\/  ___)| |_)| | | | | || (_| |  ) ) ) )
  '  |____| .__|_| |_|_| |_\__, | / / / /
 =========|_|==============|___/=/_/_/_/
[32m :: Spring Boot :: [39m              [2m (v3.1.1)[0;39m

[2m2025-11-22T12:10:43.042+05:30[0;39m [32m INFO[0;39m [35m107144[0;39m [2m---[0;39m [2m[           main][0;39m [36mcom.aidoctor.Application                [0;39m [2m:[0;39m Starting Application using Java 24.0.1 with PID 107144 (/home/ajay/Downloads/ai-doctor-starter/backend/target/classes started by ajay in /home/ajay/Downloads/ai-doctor-starter/backend)
[2m2025-11-22T12:10:43.046+05:30[0;39m [32m INFO[0;39m [35m107144[0;39m [2m---[0;39m [2m[           main][0;39m [36mcom.aidoctor.Application                [0;39m [2m:[0;39m No active profile set, falling back to 1 default profile: "default"
[2m2025-11-22T12:10:43.752+05:30[0;39m [32m INFO[0;39m [35m107144[0;39m [2m---[0;39m [2m[           main][0;39m [36m.s.d.r.c.RepositoryConfigurationDelegate[0;39m [2m:[0;39m Bootstrapping Spring Data JPA repositories in DEFAULT mode.
[2m2025-11-22T12:10:43.785+05:30[0;39m [32m INFO[0;39m [35m107144[0;39m [2m---[0;39m [2m[           main][0;39m [36m.s.d.r.c.RepositoryConfigurationDelegate[0;39m [2m:[0;39m Finished Spring Data repository scanning in 23 ms. Found 0 JPA repository interfaces.
WARNING: A restricted method in java.lang.System has been called
WARNING: java.lang.System::load has been called by org.apache.tomcat.jni.Library in an unnamed module (file:/home/ajay/.m2/repository/org/apache/tomcat/embed/tomcat-embed-core/10.1.10/tomcat-embed-core-10.1.10.jar)
WARNING: Use --enable-native-access=ALL-UNNAMED to avoid a warning for callers in this module
WARNING: Restricted methods will be blocked in a future release unless native access is enabled

[2m2025-11-22T12:10:44.384+05:30[0;39m [32m INFO[0;39m [35m107144[0;39m [2m---[0;39m [2m[           main][0;39m [36mo.s.b.w.embedded.tomcat.TomcatWebServer [0;39m [2m:[0;39m Tomcat initialized with port(s): 8080 (http)
[2m2025-11-22T12:10:44.395+05:30[0;39m [32m INFO[0;39m [35m107144[0;39m [2m---[0;39m [2m[           main][0;39m [36mo.apache.catalina.core.StandardService  [0;39m [2m:[0;39m Starting service [Tomcat]
[2m2025-11-22T12:10:44.395+05:30[0;39m [32m INFO[0;39m [35m107144[0;39m [2m---[0;39m [2m[           main][0;39m [36mo.apache.catalina.core.StandardEngine   [0;39m [2m:[0;39m Starting Servlet engine: [Apache Tomcat/10.1.10]
[2m2025-11-22T12:10:44.478+05:30[0;39m [32m INFO[0;39m [35m107144[0;39m [2m---[0;39m [2m[           main][0;39m [36mo.a.c.c.C.[Tomcat].[localhost].[/]      [0;39m [2m:[0;39m Initializing Spring embedded WebApplicationContext
[2m2025-11-22T12:10:44.479+05:30[0;39m [32m INFO[0;39m [35m107144[0;39m [2m---[0;39m [2m[           main][0;39m [36mw.s.c.ServletWebServerApplicationContext[0;39m [2m:[0;39m Root WebApplicationContext: initialization completed in 1348 ms
[2m2025-11-22T12:10:44.625+05:30[0;39m [32m INFO[0;39m [35m107144[0;39m [2m---[0;39m [2m[           main][0;39m [36mo.hibernate.jpa.internal.util.LogHelper [0;39m [2m:[0;39m HHH000204: Processing PersistenceUnitInfo [name: default]
[2m2025-11-22T12:10:44.672+05:30[0;39m [32m INFO[0;39m [35m107144[0;39m [2m---[0;39m [2m[           main][0;39m [36morg.hibernate.Version                   [0;39m [2m:[0;39m HHH000412: Hibernate ORM core version 6.2.5.Final
[2m2025-11-22T12:10:44.673+05:30[0;39m [32m INFO[0;39m [35m107144[0;39m [2m---[0;39m [2m[           main][0;39m [36morg.hibernate.cfg.Environment           [0;39m [2m:[0;39m HHH000406: Using bytecode reflection optimizer
[2m2025-11-22T12:10:44.781+05:30[0;39m [32m INFO[0;39m [35m107144[0;39m [2m---[0;39m [2m[           main][0;39m [36mo.h.b.i.BytecodeProviderInitiator       [0;39m [2m:[0;39m HHH000021: Bytecode provider name : bytebuddy
[2m2025-11-22T12:10:44.885+05:30[0;39m [32m INFO[0;39m [35m107144[0;39m [2m---[0;39m [2m[           main][0;39m [36mo.s.o.j.p.SpringPersistenceUnitInfo     [0;39m [2m:[0;39m No LoadTimeWeaver setup: ignoring JPA class transformer
[2m2025-11-22T12:10:44.898+05:30[0;39m [32m INFO[0;39m [35m107144[0;39m [2m---[0;39m [2m[           main][0;39m [36mcom.zaxxer.hikari.HikariDataSource      [0;39m [2m:[0;39m HikariPool-1 - Starting...
[2m2025-11-22T12:10:45.067+05:30[0;39m [32m INFO[0;39m [35m107144[0;39m [2m---[0;39m [2m[           main][0;39m [36mcom.zaxxer.hikari.pool.HikariPool       [0;39m [2m:[0;39m HikariPool-1 - Added connection conn0: url=jdbc:h2:mem:testdb user=SA
[2m2025-11-22T12:10:45.070+05:30[0;39m [32m INFO[0;39m [35m107144[0;39m [2m---[0;39m [2m[           main][0;39m [36mcom.zaxxer.hikari.HikariDataSource      [0;39m [2m:[0;39m HikariPool-1 - Start completed.
[2m2025-11-22T12:10:45.186+05:30[0;39m [32m INFO[0;39m [35m107144[0;39m [2m---[0;39m [2m[           main][0;39m [36mo.h.b.i.BytecodeProviderInitiator       [0;39m [2m:[0;39m HHH000021: Bytecode provider name : bytebuddy
[2m2025-11-22T12:10:45.375+05:30[0;39m [32m INFO[0;39m [35m107144[0;39m [2m---[0;39m [2m[           main][0;39m [36mo.h.e.t.j.p.i.JtaPlatformInitiator      [0;39m [2m:[0;39m HHH000490: Using JtaPlatform implementation: [org.hibernate.engine.transaction.jta.platform.internal.NoJtaPlatform]
[2m2025-11-22T12:10:45.383+05:30[0;39m [32m INFO[0;39m [35m107144[0;39m [2m---[0;39m [2m[           main][0;39m [36mj.LocalContainerEntityManagerFactoryBean[0;39m [2m:[0;39m Initialized JPA EntityManagerFactory for persistence unit 'default'
[2m2025-11-22T12:10:45.480+05:30[0;39m [33m WARN[0;39m [35m107144[0;39m [2m---[0;39m [2m[           main][0;39m [36mJpaBaseConfiguration$JpaWebConfiguration[0;39m [2m:[0;39m spring.jpa.open-in-view is enabled by default. Therefore, database queries may be performed during view rendering. Explicitly configure spring.jpa.open-in-view to disable this warning
WARNING: A terminally deprecated method in sun.misc.Unsafe has been called
WARNING: sun.misc.Unsafe::objectFieldOffset has been called by io.netty.util.internal.PlatformDependent0$4 (file:/home/ajay/.m2/repository/io/netty/netty-common/4.1.94.Final/netty-common-4.1.94.Final.jar)
WARNING: Please consider reporting this to the maintainers of class io.netty.util.internal.PlatformDependent0$4
WARNING: sun.misc.Unsafe::objectFieldOffset will be removed in a future release
[2m2025-11-22T12:10:45.760+05:30[0;39m [33m WARN[0;39m [35m107144[0;39m [2m---[0;39m [2m[           main][0;39m [36mConfigServletWebServerApplicationContext[0;39m [2m:[0;39m Exception encountered during context initialization - cancelling refresh attempt: org.springframework.context.ApplicationContextException: Failed to start bean 'webServerStartStop'
[2m2025-11-22T12:10:45.771+05:30[0;39m [32m INFO[0;39m [35m107144[0;39m [2m---[0;39m [2m[           main][0;39m [36mj.LocalContainerEntityManagerFactoryBean[0;39m [2m:[0;39m Closing JPA EntityManagerFactory for persistence unit 'default'
[2m2025-11-22T12:10:45.774+05:30[0;39m [32m INFO[0;39m [35m107144[0;39m [2m---[0;39m [2m[           main][0;39m [36mcom.zaxxer.hikari.HikariDataSource      [0;39m [2m:[0;39m HikariPool-1 - Shutdown initiated...
[2m2025-11-22T12:10:45.776+05:30[0;39m [32m INFO[0;39m [35m107144[0;39m [2m---[0;39m [2m[           main][0;39m [36mcom.zaxxer.hikari.HikariDataSource      [0;39m [2m:[0;39m HikariPool-1 - Shutdown completed.
[2m2025-11-22T12:10:45.777+05:30[0;39m [32m INFO[0;39m [35m107144[0;39m [2m---[0;39m [2m[           main][0;39m [36mo.apache.catalina.core.StandardService  [0;39m [2m:[0;39m Stopping service [Tomcat]
[2m2025-11-22T12:10:45.787+05:30[0;39m [32m INFO[0;39m [35m107144[0;39m [2m---[0;39m [2m[           main][0;39m [36m.s.b.a.l.ConditionEvaluationReportLogger[0;39m [2m:[0;39m 

Error starting ApplicationContext. To display the condition evaluation report re-run your application with 'debug' enabled.
[2m2025-11-22T12:10:45.808+05:30[0;39m [31mERROR[0;39m [35m107144[0;39m [2m---[0;39m [2m[           main][0;39m [36mo.s.b.d.LoggingFailureAnalysisReporter  [0;39m [2m:[0;39m 

***************************
APPLICATION FAILED TO START
***************************

Description:

Web server failed to start. Port 8080 was already in use.

Action:

Identify and stop the process that's listening on port 8080 or configure this application to listen on another port.

[[1;34mINFO[m] [1m------------------------------------------------------------------------[m
[[1;34mINFO[m] [1;31mBUILD FAILURE[m
[[1;34mINFO[m] [1m------------------------------------------------------------------------[m
[[1;34mINFO[m] Total time:  5.434 s
[[1;34mINFO[m] Finished at: 2025-11-22T12:10:45+05:30
[[1;34mINFO[m] [1m------------------------------------------------------------------------[m
[[1;31mERROR[m] Failed to execute goal [32morg.springframework.boot:spring-boot-maven-plugin:3.1.1:run[m [1m(default-cli)[m on project [36maidoctor-backend[m: [1;31mProcess terminated with exit code: 1[m -> [1m[Help 1][m
[[1;31mERROR[m] 
[[1;31mERROR[m] To see the full stack trace of the errors, re-run Maven with the [1m-e[m switch.
[[1;31mERROR[m] Re-run Maven using the [1m-X[m switch to enable full debug logging.
[[1;31mERROR[m] 
[[1;31mERROR[m] For more information about the errors and possible solutions, please read the following articles:
[[1;31mERROR[m] [1m[Help 1][m http://cwiki.apache.org/confluence/display/MAVEN/MojoExecutionException
